Name                                                                       Stmts   Miss  Cover   Missing
--------------------------------------------------------------------------------------------------------
src\application\services\auth_manager.py                                      52      0   100%
src\application\services\bb_width_adaptive_squeeze.py                         39      0   100%
src\application\services\deep_learning\decision_bridge.py                    126      0   100%
src\application\services\deep_learning\dl_bootstrap_train.py                 107      0   100%
src\application\services\deep_learning\dl_bridge_helpers.py                   49      0   100%
src\application\services\deep_learning\dl_calibration.py                     100      0   100%
src\application\services\deep_learning\dl_calibration_fit.py                 101      0   100%
src\application\services\deep_learning\dl_calibration_isotonic.py             41      0   100%
src\application\services\deep_learning\dl_cycle_brief.py                     148      0   100%
src\application\services\deep_learning\dl_cycle_log.py                        71      0   100%
src\application\services\deep_learning\dl_deferred_train.py                   62      0   100%
src\application\services\deep_learning\dl_deploy.py                           10      0   100%
src\application\services\deep_learning\dl_deploy_eval.py                      54      0   100%
src\application\services\deep_learning\dl_device.py                           52      0   100%
src\application\services\deep_learning\dl_feature_build.py                    99      0   100%
src\application\services\deep_learning\dl_feature_indicators.py              143      0   100%
src\application\services\deep_learning\dl_feature_indicators_advanced.py      96      0   100%
src\application\services\deep_learning\dl_features.py                         13      0   100%
src\application\services\deep_learning\dl_gate_config.py                      20      0   100%
src\application\services\deep_learning\dl_gating.py                           18      0   100%
src\application\services\deep_learning\dl_horizon.py                          36      0   100%
src\application\services\deep_learning\dl_hurst.py                            37      0   100%
src\application\services\deep_learning\dl_labels.py                           73      1    99%   82
src\application\services\deep_learning\dl_lstm.py                             17      0   100%
src\application\services\deep_learning\dl_market_data.py                      23      0   100%
src\application\services\deep_learning\dl_model_artifacts.py                 126      0   100%
src\application\services\deep_learning\dl_model_checkpoint.py                 79      0   100%
src\application\services\deep_learning\dl_model_factory.py                    13      0   100%
src\application\services\deep_learning\dl_model_types.py                      23      0   100%
src\application\services\deep_learning\dl_outcomes.py                         80      0   100%
src\application\services\deep_learning\dl_params.py                          100      0   100%
src\application\services\deep_learning\dl_predict.py                           5      0   100%
src\application\services\deep_learning\dl_predict_async.py                    23      0   100%
src\application\services\deep_learning\dl_predict_build.py                   106      0   100%
src\application\services\deep_learning\dl_predict_metrics.py                  16      0   100%
src\application\services\deep_learning\dl_predict_triton.py                   44      0   100%
src\application\services\deep_learning\dl_retrain.py                          47      0   100%
src\application\services\deep_learning\dl_sequence_extract.py                 27      0   100%
src\application\services\deep_learning\dl_splits.py                           22      0   100%
src\application\services\deep_learning\dl_startup.py                          49      0   100%
src\application\services\deep_learning\dl_symbol_runtime.py                   75      0   100%
src\application\services\deep_learning\dl_symbol_train.py                     61      0   100%
src\application\services\deep_learning\dl_symbol_train_success.py             35      0   100%
src\application\services\deep_learning\dl_tcn.py                              51      0   100%
src\application\services\deep_learning\dl_training.py                         55      0   100%
src\application\services\deep_learning\dl_training_epochs.py                 103      0   100%
src\application\services\deep_learning\dl_training_gate.py                    24      0   100%
src\application\services\deep_learning\dl_trend.py                            49      0   100%
src\application\services\deep_learning\model.py                               93      0   100%
src\application\services\direction_loss_tracker.py                            76      0   100%
src\application\services\direction_persistence_guard.py                      155      0   100%
src\application\services\execution_direction.py                               73      0   100%
src\application\services\execution_direction_cross_corr.py                    31      0   100%
src\application\services\execution_direction_fallback.py                     104      0   100%
src\application\services\execution_direction_resolver.py                     155      0   100%
src\application\services\execution_entropy_fallback.py                        64      0   100%
src\application\services\execution_mandatory_pick.py                          83      0   100%
src\application\services\execution_market_rank.py                             73      0   100%
src\application\services\execution_quality_gate.py                            96      0   100%
src\application\services\execution_quality_gate_cluster.py                    52      0   100%
src\application\services\execution_quality_gate_drawdown.py                   34      0   100%
src\application\services\execution_quality_gate_fallback.py                   36      0   100%
src\application\services\execution_quality_gate_starvation.py                 61      0   100%
src\application\services\execution_symbols.py                                 72      0   100%
src\application\services\execution_symbols_overdrive.py                       57      0   100%
src\application\services\execution_symbols_recovery.py                        78      0   100%
src\application\services\execution_volatility_bb.py                           43      0   100%
src\application\services\execution_volatility_booster.py                      21      0   100%
src\application\services\execution_volatility_threshold.py                    82      0   100%
src\application\services\log_dedupe.py                                        47      0   100%
src\application\services\market_audit_log.py                                  33      0   100%
src\application\services\meta_classifier_cross_symbol.py                      48      0   100%
src\application\services\meta_classifier_features.py                          50      0   100%
src\application\services\meta_classifier_flow_features.py                     31      0   100%
src\application\services\meta_classifier_stacking.py                          55      0   100%
src\application\services\meta_direction_flip.py                               99      0   100%
src\application\services\meta_payoff_regression.py                            32      0   100%
src\application\services\orchestrator\__init__.py                            176      0   100%
src\application\services\orchestrator\api_maintenance_guard.py               192      0   100%
src\application\services\orchestrator\config_symbols.py                       16      0   100%
src\application\services\orchestrator\decision_mode_banner.py                 12      0   100%
src\application\services\orchestrator\engine_mode.py                          24      0   100%
src\application\services\orchestrator\engine_session.py                       30      0   100%
src\application\services\orchestrator\execution_blockers.py                   15      0   100%
src\application\services\orchestrator\execution_collect.py                    66      0   100%
src\application\services\orchestrator\execution_collect_gather.py             42      0   100%
src\application\services\orchestrator\execution_collect_helpers.py            66      0   100%
src\application\services\orchestrator\execution_fractional_lots.py           135      0   100%
src\application\services\orchestrator\execution_manager.py                   153      0   100%
src\application\services\orchestrator\execution_orders.py                     60      0   100%
src\application\services\orchestrator\execution_proposal.py                   30      0   100%
src\application\services\orchestrator\execution_recovery_gate.py              66      0   100%
src\application\services\orchestrator\execution_settlement.py                112      0   100%
src\application\services\orchestrator\graceful_shutdown.py                   141      0   100%
src\application\services\orchestrator\metrics_utils.py                         2      0   100%
src\application\services\orchestrator\orchestrator_atomic_state.py            19      0   100%
src\application\services\orchestrator\orchestrator_data_signature.py          44      0   100%
src\application\services\orchestrator\orchestrator_persistence.py             28      0   100%
src\application\services\orchestrator\orchestrator_run_loop.py                78      0   100%
src\application\services\orchestrator\orchestrator_settlement_queue.py        28      0   100%
src\application\services\orchestrator\orchestrator_state_restore.py           54      0   100%
src\application\services\orchestrator\orchestrator_state_session.py           38      0   100%
src\application\services\orchestrator\post_settlement_cycle.py               129      0   100%
src\application\services\orchestrator\post_settlement_loss_cooldown.py        49      0   100%
src\application\services\orchestrator\regime_freeze_yield.py                  65      0   100%
src\application\services\orchestrator\result_utils.py                         13      0   100%
src\application\services\orchestrator\session_persistence_barrier.py          49      0   100%
src\application\services\orchestrator\session_target_bootstrap.py             90      0   100%
src\application\services\orchestrator\settlement_backfill.py                  75      0   100%
src\application\services\orchestrator\settlement_detect.py                     9      0   100%
src\application\services\orchestrator\settlement_logic.py                    144      0   100%
src\application\services\orchestrator\settlement_queue_ops.py                 12      0   100%
src\application\services\orchestrator\settlement_reconciliation.py            97      0   100%
src\application\services\orchestrator\settlement_utils.py                     56      0   100%
src\application\services\orchestrator\settlement_ws_queries.py                22      0   100%
src\application\services\orchestrator\trading_cycle_entry.py                 162      0   100%
src\application\services\orchestrator\training_run.py                         22      0   100%
src\application\services\orchestrator\warm_up_buffer_guard.py                 46      0   100%
src\application\services\orchestrator\watchdog_service.py                    106      0   100%
src\application\services\orchestrator\ws_bootstrap.py                         99      0   100%
src\application\services\payoff_edge_zscore.py                                53      0   100%
src\application\services\strategy\__init__.py                                  0      0   100%
src\application\services\strategy\decision_mode.py                             6      0   100%
src\domain\math\__init__.py                                                    0      0   100%
src\domain\math\probability_entropy.py                                        23      0   100%
src\domain\models\market_data.py                                              11      0   100%
src\domain\models\trade.py                                                    41      0   100%
src\domain\risk\consensus_stake_penalty.py                                   136      0   100%
src\domain\risk\dlambert_sizing.py                                            63      0   100%
src\domain\risk\entry_cooldown.py                                             10      0   100%
src\domain\risk\executed_stake_reconciliation.py                              69      0   100%
src\domain\risk\kelly_base_fraction.py                                        18      0   100%
src\domain\risk\kelly_f_star_adjustments.py                                   24      0   100%
src\domain\risk\recovery_conviction.py                                        53      0   100%
src\domain\risk\recovery_hurst_decay.py                                       52      0   100%
src\domain\risk\recovery_hurst_gate.py                                        44      0   100%
src\domain\risk\risk_cluster.py                                               44      0   100%
src\domain\risk\risk_cooldown.py                                              24      0   100%
src\domain\risk\risk_manager.py                                              117      0   100%
src\domain\risk\risk_manager_restore.py                                       28      0   100%
src\domain\risk\risk_proposal_skip.py                                         16      0   100%
src\domain\risk\risk_recovery_state.py                                        45      0   100%
src\domain\risk\risk_stake_calc.py                                            88      0   100%
src\domain\risk\stake_sizing.py                                              176      0   100%
src\domain\risk\stake_target_proximity.py                                     10      0   100%
src\domain\risk\stop_win_target.py                                            62      0   100%
src\domain\risk\super_concordance_kelly.py                                    60      0   100%
src\domain\risk\symbol_loss_cooldown.py                                       23      0   100%
src\domain\symbols\drift_symbols.py                                           15      0   100%
src\infrastructure\api\deriv_credentials.py                                   65      0   100%
src\infrastructure\api\deriv_granularity.py                                    9      0   100%
src\infrastructure\api\deriv_http.py                                          10      0   100%
src\infrastructure\api\deriv_pat_binding.py                                  116      0   100%
src\infrastructure\api\deriv_pat_session.py                                   80      0   100%
src\infrastructure\api\deriv_rest_client.py                                   98      0   100%
src\infrastructure\api\websocket_manager.py                                  128      0   100%
src\infrastructure\factories\__init__.py                                       0      0   100%
src\infrastructure\factories\infra_factory.py                                 55      0   100%
src\infrastructure\handlers\history_fetch.py                                  77      0   100%
src\infrastructure\handlers\stream_candle_apply.py                            26      0   100%
src\infrastructure\handlers\stream_handler.py                                162      0   100%
src\infrastructure\handlers\stream_ohlc_fetch.py                              34      0   100%
src\infrastructure\handlers\stream_reconnect.py                               66      0   100%
src\infrastructure\handlers\stream_reconnect_profit_audit.py                  40      0   100%
src\infrastructure\handlers\stream_tick_sidecar.py                            29      0   100%
src\infrastructure\handlers\stream_timeframe.py                               31      0   100%
src\infrastructure\handlers\tick_buffer.py                                    99      0   100%
src\infrastructure\handlers\trade_handler.py                                  67      0   100%
src\infrastructure\inference\__init__.py                                       0      0   100%
src\infrastructure\inference\meta_classifier_client.py                       101      0   100%
src\infrastructure\inference\meta_classifier_pool.py                          33      0   100%
src\infrastructure\inference\meta_classifier_types.py                         18      0   100%
src\infrastructure\inference\triton_grpc_client.py                           126      0   100%
src\infrastructure\inference\triton_http.py                                   65      0   100%
src\infrastructure\inference\triton_inference_client.py                       76      0   100%
src\infrastructure\inference\triton_model_metadata.py                         26      0   100%
src\infrastructure\inference\triton_model_sync.py                             70      0   100%
src\infrastructure\inference\triton_tensor_builder.py                         12      0   100%
src\infrastructure\market\__init__.py                                          0      0   100%
src\infrastructure\market\null_market_writer.py                               13      0   100%
src\infrastructure\market\timescale_correlation_reader.py                     81      0   100%
src\infrastructure\market\timescale_correlation_worker.py                     58      0   100%
src\infrastructure\market\timescale_writer.py                                 99      0   100%
src\infrastructure\state\json_state_store.py                                  77      0   100%
src\infrastructure\state\persistence_manager.py                               67      0   100%
src\infrastructure\state\redis_state_pipeline.py                              58      0   100%
src\infrastructure\state\redis_state_store.py                                 82      0   100%
src\infrastructure\state\state_manager.py                                     80      0   100%
src\infrastructure\state\trading_state.py                                     41      0   100%
src\infrastructure\storage\__init__.py                                         0      0   100%
src\infrastructure\storage\local_model_store.py                               54      0   100%
src\infrastructure\storage\minio_model_store.py                               83      0   100%
src\infrastructure\storage\torchscript_sanity.py                              99      0   100%
src\infrastructure\storage\torchscript_sanity_probes.py                       31      0   100%
src\presentation\terminal\logger.py                                           39      0   100%
--------------------------------------------------------------------------------------------------------
TOTAL                                                                      11598      1    99%
Coverage failure: total of 99 is less than fail-under=100
